2024-09-07 19:29:10,509 INFO o.a.j.u.JMeterUtils: Setting Locale to en_EN
2024-09-07 19:29:10,523 INFO o.a.j.JMeter: Loading user properties from: /Users/joonheelee/Downloads/apache-jmeter-5.6.3/bin/user.properties
2024-09-07 19:29:10,523 INFO o.a.j.JMeter: Loading system properties from: /Users/joonheelee/Downloads/apache-jmeter-5.6.3/bin/system.properties
2024-09-07 19:29:10,527 INFO o.a.j.JMeter: Copyright (c) 1998-2024 The Apache Software Foundation
2024-09-07 19:29:10,527 INFO o.a.j.JMeter: Version 5.6.3
2024-09-07 19:29:10,527 INFO o.a.j.JMeter: java.version=17.0.7
2024-09-07 19:29:10,527 INFO o.a.j.JMeter: java.vm.name=Java HotSpot(TM) 64-Bit Server VM
2024-09-07 19:29:10,527 INFO o.a.j.JMeter: os.name=Mac OS X
2024-09-07 19:29:10,527 INFO o.a.j.JMeter: os.arch=aarch64
2024-09-07 19:29:10,527 INFO o.a.j.JMeter: os.version=14.5
2024-09-07 19:29:10,528 INFO o.a.j.JMeter: file.encoding=UTF-8
2024-09-07 19:29:10,528 INFO o.a.j.JMeter: java.awt.headless=null
2024-09-07 19:29:10,528 INFO o.a.j.JMeter: Max memory     =1073741824
2024-09-07 19:29:10,528 INFO o.a.j.JMeter: Available Processors =8
2024-09-07 19:29:10,532 INFO o.a.j.JMeter: Default Locale=English (EN)
2024-09-07 19:29:10,532 INFO o.a.j.JMeter: JMeter  Locale=English (EN)
2024-09-07 19:29:10,532 INFO o.a.j.JMeter: JMeterHome=/Users/joonheelee/Downloads/apache-jmeter-5.6.3
2024-09-07 19:29:10,532 INFO o.a.j.JMeter: user.dir  =/Users/joonheelee/Desktop/Github_Marc416/LoadBalancerStudy
2024-09-07 19:29:10,533 INFO o.a.j.JMeter: PWD       =/Users/joonheelee/Desktop/Github_Marc416/LoadBalancerStudy
2024-09-07 19:29:10,534 INFO o.a.j.JMeter: IP: 127.0.0.1 Name: Joonui-MacBookPro.local FullName: localhost
2024-09-07 19:29:10,541 INFO o.a.j.JMeter: Loaded icon properties from org/apache/jmeter/images/icon.properties
2024-09-07 19:29:10,893 INFO o.a.j.JMeterGuiLauncher: Setting LAF to: com.github.weisj.darklaf.DarkLaf:com.github.weisj.darklaf.theme.DarculaTheme
